<?xml version="1.0" encoding="UTF-8"?>
<!-- Generated by org.testng.reporters.JUnitReportReporter -->
<testsuite hostname="DESKTOP-7U5NT6L" name="jesi.NewTest" tests="1" failures="0" timestamp="8 Mar 2016 21:45:08 GMT" time="0.021" errors="0">
  <testcase name="f" time="0.021" classname="jesi.NewTest"/>
</testsuite> <!-- jesi.NewTest -->
